<testsuite failures="0" name="karate/first.feature" skipped="0" tests="1" time="0.046876">
  <testcase classname="karate.first" name="call  staic function from java class" time="0.046876">
    <system-out>* def load = read("payload.json") ......................................... passed
* url 'https://reqres.in/api/' ............................................ passed
* def fea = read ('login.feature') ........................................ passed
* def resultLogin = callonce fea .......................................... passed
* def JavaDemo = Java.type('test.Message') ................................ passed
* def res = JavaDemo.m(); ................................................. passed
Then print res ............................................................ passed</system-out>
  </testcase>
</testsuite>
